AndroidStudioProjects/app/manifest-merger-release-report.txt
-- Merging decision tree log ---
manifest
ADDED from AndroidManifest.xml:2:1
	package
		ADDED from AndroidManifest.xml:3:5
		INJECTED from AndroidManifest.xml:0:0
		INJECTED from AndroidManifest.xml:0:0
	android:versionName
		INJECTED from AndroidManifest.xml:0:0
		INJECTED from AndroidManifest.xml:0:0
	xmlns:android
		ADDED from AndroidManifest.xml:2:11
	android:versionCode
		INJECTED from AndroidManifest.xml:0:0
		INJECTED from AndroidManifest.xml:0:0
application
ADDED from AndroidManifest.xml:5:5
	android:label
		ADDED from AndroidManifest.xml:8:9
	android:allowBackup
		ADDED from AndroidManifest.xml:6:9
	android:icon
		ADDED from AndroidManifest.xml:7:9
	android:theme
		ADDED from AndroidManifest.xml:9:9
activity#com.gbu.abhivyanjan2015.frontPage
ADDED from AndroidManifest.xml:10:9
	android:label
		ADDED from AndroidManifest.xml:12:13
	android:name
		ADDED from AndroidManifest.xml:11:13
intent-filter#android.intent.action.MAIN+android.intent.category.LAUNCHER
ADDED from AndroidManifest.xml:13:13
action#android.intent.action.MAIN
ADDED from AndroidManifest.xml:14:17
	android:name
		ADDED from AndroidManifest.xml:14:25
category#android.intent.category.LAUNCHER
ADDED from AndroidManifest.xml:16:17
	android:name
		ADDED from AndroidManifest.xml:16:27
activity#com.gbu.abhivyanjan2015.about
ADDED from AndroidManifest.xml:20:9
	android:label
		ADDED from AndroidManifest.xml:22:13
	android:name
		ADDED from AndroidManifest.xml:21:13
intent-filter#android.intent.action.ABOUT+android.intent.category.DEFAULT
ADDED from AndroidManifest.xml:23:13
action#android.intent.action.ABOUT
ADDED from AndroidManifest.xml:24:17
	android:name
		ADDED from AndroidManifest.xml:24:25
category#android.intent.category.DEFAULT
ADDED from AndroidManifest.xml:26:17
	android:name
		ADDED from AndroidManifest.xml:26:27
activity#com.gbu.abhivyanjan2015.Abhivyanjana
ADDED from AndroidManifest.xml:29:10
	android:label
		ADDED from AndroidManifest.xml:31:13
	android:name
		ADDED from AndroidManifest.xml:30:13
intent-filter#android.intent.action.ABHIVYANJANA+android.intent.category.DEFAULT
ADDED from AndroidManifest.xml:32:13
action#android.intent.action.ABHIVYANJANA
ADDED from AndroidManifest.xml:33:17
	android:name
		ADDED from AndroidManifest.xml:33:25
activity#com.gbu.abhivyanjan2015.Event
ADDED from AndroidManifest.xml:38:9
	android:label
		ADDED from AndroidManifest.xml:40:13
	android:name
		ADDED from AndroidManifest.xml:39:13
intent-filter#android.intent.action.EVENT+android.intent.category.DEFAULT
ADDED from AndroidManifest.xml:41:13
action#android.intent.action.EVENT
ADDED from AndroidManifest.xml:42:17
	android:name
		ADDED from AndroidManifest.xml:42:25
activity#com.gbu.abhivyanjan2015.Developers
ADDED from AndroidManifest.xml:47:9
	android:label
		ADDED from AndroidManifest.xml:49:13
	android:name
		ADDED from AndroidManifest.xml:48:13
intent-filter#android.intent.action.DEVELOPERS+android.intent.category.DEFAULT
ADDED from AndroidManifest.xml:50:13
action#android.intent.action.DEVELOPERS
ADDED from AndroidManifest.xml:51:17
	android:name
		ADDED from AndroidManifest.xml:51:25
activity#com.gbu.abhivyanjan2015.Adventure
ADDED from AndroidManifest.xml:56:9
	android:label
		ADDED from AndroidManifest.xml:58:13
	android:name
		ADDED from AndroidManifest.xml:57:13
intent-filter#android.intent.action.ADVENTURE+android.intent.category.DEFAULT
ADDED from AndroidManifest.xml:59:13
action#android.intent.action.ADVENTURE
ADDED from AndroidManifest.xml:60:17
	android:name
		ADDED from AndroidManifest.xml:60:25
activity#com.gbu.abhivyanjan2015.Architecture
ADDED from AndroidManifest.xml:65:9
	android:label
		ADDED from AndroidManifest.xml:67:13
	android:name
		ADDED from AndroidManifest.xml:66:13
intent-filter#android.intent.action.ARCHITECTURE+android.intent.category.DEFAULT
ADDED from AndroidManifest.xml:68:13
action#android.intent.action.ARCHITECTURE
ADDED from AndroidManifest.xml:69:17
	android:name
		ADDED from AndroidManifest.xml:69:25
activity#com.gbu.abhivyanjan2015.ArtClub
ADDED from AndroidManifest.xml:74:9
	android:label
		ADDED from AndroidManifest.xml:76:13
	android:name
		ADDED from AndroidManifest.xml:75:13
intent-filter#android.intent.action.ARTCLUB+android.intent.category.DEFAULT
ADDED from AndroidManifest.xml:77:13
action#android.intent.action.ARTCLUB
ADDED from AndroidManifest.xml:78:17
	android:name
		ADDED from AndroidManifest.xml:78:25
activity#com.gbu.abhivyanjan2015.AudioVisual
ADDED from AndroidManifest.xml:83:9
	android:label
		ADDED from AndroidManifest.xml:85:13
	android:name
		ADDED from AndroidManifest.xml:84:13
intent-filter#android.intent.action.AUDIOVISUAL+android.intent.category.DEFAULT
ADDED from AndroidManifest.xml:86:13
action#android.intent.action.AUDIOVISUAL
ADDED from AndroidManifest.xml:87:17
	android:name
		ADDED from AndroidManifest.xml:87:25
activity#com.gbu.abhivyanjan2015.Dance
ADDED from AndroidManifest.xml:92:9
	android:label
		ADDED from AndroidManifest.xml:94:13
	android:name
		ADDED from AndroidManifest.xml:93:13
intent-filter#android.intent.action.DANCE+android.intent.category.DEFAULT
ADDED from AndroidManifest.xml:95:13
action#android.intent.action.DANCE
ADDED from AndroidManifest.xml:96:17
	android:name
		ADDED from AndroidManifest.xml:96:25
activity#com.gbu.abhivyanjan2015.Debating
ADDED from AndroidManifest.xml:101:9
	android:label
		ADDED from AndroidManifest.xml:103:13
	android:name
		ADDED from AndroidManifest.xml:102:13
intent-filter#android.intent.action.DEBATING+android.intent.category.DEFAULT
ADDED from AndroidManifest.xml:104:13
action#android.intent.action.DEBATING
ADDED from AndroidManifest.xml:105:17
	android:name
		ADDED from AndroidManifest.xml:105:25
activity#com.gbu.abhivyanjan2015.Dramatics
ADDED from AndroidManifest.xml:110:9
	android:label
		ADDED from AndroidManifest.xml:112:13
	android:name
		ADDED from AndroidManifest.xml:111:13
intent-filter#android.intent.action.DRAMATICS+android.intent.category.DEFAULT
ADDED from AndroidManifest.xml:113:13
action#android.intent.action.DRAMATICS
ADDED from AndroidManifest.xml:114:17
	android:name
		ADDED from AndroidManifest.xml:114:25
activity#com.gbu.abhivyanjan2015.IEEE
ADDED from AndroidManifest.xml:119:9
	android:label
		ADDED from AndroidManifest.xml:121:13
	android:name
		ADDED from AndroidManifest.xml:120:13
intent-filter#android.intent.action.IEEE+android.intent.category.DEFAULT
ADDED from AndroidManifest.xml:122:13
action#android.intent.action.IEEE
ADDED from AndroidManifest.xml:123:17
	android:name
		ADDED from AndroidManifest.xml:123:25
activity#com.gbu.abhivyanjan2015.JournalClub
ADDED from AndroidManifest.xml:128:9
	android:label
		ADDED from AndroidManifest.xml:130:13
	android:name
		ADDED from AndroidManifest.xml:129:13
intent-filter#android.intent.action.JOURNALCLUB+android.intent.category.DEFAULT
ADDED from AndroidManifest.xml:131:13
action#android.intent.action.JOURNALCLUB
ADDED from AndroidManifest.xml:132:17
	android:name
		ADDED from AndroidManifest.xml:132:25
activity#com.gbu.abhivyanjan2015.Literary
ADDED from AndroidManifest.xml:137:9
	android:label
		ADDED from AndroidManifest.xml:139:13
	android:name
		ADDED from AndroidManifest.xml:138:13
intent-filter#android.intent.action.LITERARY+android.intent.category.DEFAULT
ADDED from AndroidManifest.xml:140:13
action#android.intent.action.LITERARY
ADDED from AndroidManifest.xml:141:17
	android:name
		ADDED from AndroidManifest.xml:141:25
activity#com.gbu.abhivyanjan2015.MBA
ADDED from AndroidManifest.xml:145:9
	android:label
		ADDED from AndroidManifest.xml:147:13
	android:name
		ADDED from AndroidManifest.xml:146:13
intent-filter#android.intent.action.MBA+android.intent.category.DEFAULT
ADDED from AndroidManifest.xml:148:13
action#android.intent.action.MBA
ADDED from AndroidManifest.xml:149:17
	android:name
		ADDED from AndroidManifest.xml:149:25
activity#com.gbu.abhivyanjan2015.Music
ADDED from AndroidManifest.xml:153:9
	android:label
		ADDED from AndroidManifest.xml:155:9
	android:name
		ADDED from AndroidManifest.xml:154:9
intent-filter#android.intent.action.MUSIC+android.intent.category.DEFAULT
ADDED from AndroidManifest.xml:156:9
action#android.intent.action.MUSIC
ADDED from AndroidManifest.xml:157:13
	android:name
		ADDED from AndroidManifest.xml:157:21
activity#com.gbu.abhivyanjan2015.Photography
ADDED from AndroidManifest.xml:161:8
	android:label
		ADDED from AndroidManifest.xml:163:5
	android:name
		ADDED from AndroidManifest.xml:162:5
intent-filter#android.intent.action.PHOTOGRAPHY+android.intent.category.DEFAULT
ADDED from AndroidManifest.xml:164:5
action#android.intent.action.PHOTOGRAPHY
ADDED from AndroidManifest.xml:165:9
	android:name
		ADDED from AndroidManifest.xml:165:17
activity#com.gbu.abhivyanjan2015.Robotics
ADDED from AndroidManifest.xml:169:9
	android:label
		ADDED from AndroidManifest.xml:171:13
	android:name
		ADDED from AndroidManifest.xml:170:13
intent-filter#android.intent.action.ROBOTICS+android.intent.category.DEFAULT
ADDED from AndroidManifest.xml:172:13
action#android.intent.action.ROBOTICS
ADDED from AndroidManifest.xml:173:17
	android:name
		ADDED from AndroidManifest.xml:173:25
activity#com.gbu.abhivyanjan2015.SAE
ADDED from AndroidManifest.xml:177:9
	android:label
		ADDED from AndroidManifest.xml:179:13
	android:name
		ADDED from AndroidManifest.xml:178:13
intent-filter#android.intent.action.SAE+android.intent.category.DEFAULT
ADDED from AndroidManifest.xml:180:13
action#android.intent.action.SAE
ADDED from AndroidManifest.xml:181:17
	android:name
		ADDED from AndroidManifest.xml:181:25
activity#com.gbu.abhivyanjan2015.SCE
ADDED from AndroidManifest.xml:185:9
	android:label
		ADDED from AndroidManifest.xml:187:9
	android:name
		ADDED from AndroidManifest.xml:186:9
intent-filter#android.intent.action.SCE+android.intent.category.DEFAULT
ADDED from AndroidManifest.xml:188:9
action#android.intent.action.SCE
ADDED from AndroidManifest.xml:189:13
	android:name
		ADDED from AndroidManifest.xml:189:21
activity#com.gbu.abhivyanjan2015.ScavengerHunt
ADDED from AndroidManifest.xml:193:9
	android:label
		ADDED from AndroidManifest.xml:195:13
	android:name
		ADDED from AndroidManifest.xml:194:13
intent-filter#android.intent.action.SCAVENGERHUNT+android.intent.category.DEFAULT
ADDED from AndroidManifest.xml:196:13
action#android.intent.action.SCAVENGERHUNT
ADDED from AndroidManifest.xml:197:17
	android:name
		ADDED from AndroidManifest.xml:197:25
activity#com.gbu.abhivyanjan2015.PleasureTreasure
ADDED from AndroidManifest.xml:201:9
	android:label
		ADDED from AndroidManifest.xml:203:13
	android:name
		ADDED from AndroidManifest.xml:202:13
activity#com.gbu.abhivyanjan2015.PaintGrenade
ADDED from AndroidManifest.xml:209:9
	android:label
		ADDED from AndroidManifest.xml:211:13
	android:name
		ADDED from AndroidManifest.xml:210:13
intent-filter#android.intent.action.PAINTGRENADE+android.intent.category.DEFAULT
ADDED from AndroidManifest.xml:212:13
action#android.intent.action.PAINTGRENADE
ADDED from AndroidManifest.xml:213:17
	android:name
		ADDED from AndroidManifest.xml:213:25
activity#com.gbu.abhivyanjan2015.SketchTheScinerio
ADDED from AndroidManifest.xml:217:9
	android:label
		ADDED from AndroidManifest.xml:219:13
	android:name
		ADDED from AndroidManifest.xml:218:13
intent-filter#android.intent.action.SKETCHTHESCINERIO+android.intent.category.DEFAULT
ADDED from AndroidManifest.xml:220:13
action#android.intent.action.SKETCHTHESCINERIO
ADDED from AndroidManifest.xml:221:17
	android:name
		ADDED from AndroidManifest.xml:221:25
activity#com.gbu.abhivyanjan2015.GottaHangEmAll
ADDED from AndroidManifest.xml:225:9
	android:label
		ADDED from AndroidManifest.xml:227:13
	android:name
		ADDED from AndroidManifest.xml:226:13
intent-filter#android.intent.action.GOTTAHANGEMALL+android.intent.category.DEFAULT
ADDED from AndroidManifest.xml:228:13
action#android.intent.action.GOTTAHANGEMALL
ADDED from AndroidManifest.xml:229:17
	android:name
		ADDED from AndroidManifest.xml:229:25
activity#com.gbu.abhivyanjan2015.EmbossIt
ADDED from AndroidManifest.xml:233:9
	android:label
		ADDED from AndroidManifest.xml:235:13
	android:name
		ADDED from AndroidManifest.xml:234:13
intent-filter#android.intent.action.EMBOSSIT+android.intent.category.DEFAULT
ADDED from AndroidManifest.xml:236:13
action#android.intent.action.EMBOSSIT
ADDED from AndroidManifest.xml:237:17
	android:name
		ADDED from AndroidManifest.xml:237:25
activity#com.gbu.abhivyanjan2015.PaperShaper
ADDED from AndroidManifest.xml:241:9
	android:label
		ADDED from AndroidManifest.xml:243:13
	android:name
		ADDED from AndroidManifest.xml:242:13
intent-filter#android.intent.action.PAPERSHAPER+android.intent.category.DEFAULT
ADDED from AndroidManifest.xml:244:13
action#android.intent.action.PAPERSHAPER
ADDED from AndroidManifest.xml:245:17
	android:name
		ADDED from AndroidManifest.xml:245:25
activity#com.gbu.abhivyanjan2015.EggPainting
ADDED from AndroidManifest.xml:249:9
	android:label
		ADDED from AndroidManifest.xml:251:13
	android:name
		ADDED from AndroidManifest.xml:250:13
intent-filter#android.intent.action.EGGPAINTING+android.intent.category.DEFAULT
ADDED from AndroidManifest.xml:252:13
action#android.intent.action.EGGPAINTING
ADDED from AndroidManifest.xml:253:17
	android:name
		ADDED from AndroidManifest.xml:253:25
activity#com.gbu.abhivyanjan2015.WrapperWarriors
ADDED from AndroidManifest.xml:257:9
	android:label
		ADDED from AndroidManifest.xml:259:13
	android:name
		ADDED from AndroidManifest.xml:258:13
intent-filter#android.intent.action.WRAPPERWARRIORS+android.intent.category.DEFAULT
ADDED from AndroidManifest.xml:260:13
action#android.intent.action.WRAPPERWARRIORS
ADDED from AndroidManifest.xml:261:17
	android:name
		ADDED from AndroidManifest.xml:261:25
activity#com.gbu.abhivyanjan2015.Rangoli
ADDED from AndroidManifest.xml:265:9
	android:label
		ADDED from AndroidManifest.xml:267:13
	android:name
		ADDED from AndroidManifest.xml:266:13
intent-filter#android.intent.action.RANGOLI+android.intent.category.DEFAULT
ADDED from AndroidManifest.xml:268:13
action#android.intent.action.RANGOLI
ADDED from AndroidManifest.xml:269:17
	android:name
		ADDED from AndroidManifest.xml:269:25
activity#com.gbu.abhivyanjan2015.Youtubers
ADDED from AndroidManifest.xml:273:9
	android:label
		ADDED from AndroidManifest.xml:275:13
	android:name
		ADDED from AndroidManifest.xml:274:13
intent-filter#android.intent.action.YOUTUBERS+android.intent.category.DEFAULT
ADDED from AndroidManifest.xml:276:13
action#android.intent.action.YOUTUBERS
ADDED from AndroidManifest.xml:277:17
	android:name
		ADDED from AndroidManifest.xml:277:25
activity#com.gbu.abhivyanjan2015.GBUIN60SEC
ADDED from AndroidManifest.xml:281:9
	android:label
		ADDED from AndroidManifest.xml:283:13
	android:name
		ADDED from AndroidManifest.xml:282:13
intent-filter#android.intent.action.GBUIN60SEC+android.intent.category.DEFAULT
ADDED from AndroidManifest.xml:284:13
action#android.intent.action.GBUIN60SEC
ADDED from AndroidManifest.xml:285:17
	android:name
		ADDED from AndroidManifest.xml:285:25
activity#com.gbu.abhivyanjan2015.SkitCompetition
ADDED from AndroidManifest.xml:289:9
	android:label
		ADDED from AndroidManifest.xml:291:13
	android:name
		ADDED from AndroidManifest.xml:290:13
intent-filter#android.intent.action.SKITCOMPETITION+android.intent.category.DEFAULT
ADDED from AndroidManifest.xml:292:13
action#android.intent.action.SKITCOMPETITION
ADDED from AndroidManifest.xml:293:17
	android:name
		ADDED from AndroidManifest.xml:293:25
activity#com.gbu.abhivyanjan2015.KillTheBeats
ADDED from AndroidManifest.xml:297:9
	android:label
		ADDED from AndroidManifest.xml:299:13
	android:name
		ADDED from AndroidManifest.xml:298:13
intent-filter#android.intent.action.KILLTHEBEATS+android.intent.category.DEFAULT
ADDED from AndroidManifest.xml:300:13
action#android.intent.action.KILLTHEBEATS
ADDED from AndroidManifest.xml:301:17
	android:name
		ADDED from AndroidManifest.xml:301:25
activity#com.gbu.abhivyanjan2015.Debate
ADDED from AndroidManifest.xml:305:9
	android:label
		ADDED from AndroidManifest.xml:307:13
	android:name
		ADDED from AndroidManifest.xml:306:13
intent-filter#android.intent.action.DEBATE+android.intent.category.DEFAULT
ADDED from AndroidManifest.xml:308:13
action#android.intent.action.DEBATE
ADDED from AndroidManifest.xml:309:17
	android:name
		ADDED from AndroidManifest.xml:309:25
activity#com.gbu.abhivyanjan2015.Extempore
ADDED from AndroidManifest.xml:313:9
	android:label
		ADDED from AndroidManifest.xml:315:13
	android:name
		ADDED from AndroidManifest.xml:314:13
intent-filter#android.intent.action.EXTEMPORE+android.intent.category.DEFAULT
ADDED from AndroidManifest.xml:316:13
action#android.intent.action.EXTEMPORE
ADDED from AndroidManifest.xml:317:17
	android:name
		ADDED from AndroidManifest.xml:317:25
activity#com.gbu.abhivyanjan2015.CreativeWriting
ADDED from AndroidManifest.xml:321:9
	android:label
		ADDED from AndroidManifest.xml:323:13
	android:name
		ADDED from AndroidManifest.xml:322:13
intent-filter#android.intent.action.CREATIVEWRITING+android.intent.category.DEFAULT
ADDED from AndroidManifest.xml:324:13
action#android.intent.action.CREATIVEWRITING
ADDED from AndroidManifest.xml:325:17
	android:name
		ADDED from AndroidManifest.xml:325:25
activity#com.gbu.abhivyanjan2015.ActOnTheSpot
ADDED from AndroidManifest.xml:329:9
	android:label
		ADDED from AndroidManifest.xml:331:13
	android:name
		ADDED from AndroidManifest.xml:330:13
intent-filter#android.intent.action.ACTONTHESPOT+android.intent.category.DEFAULT
ADDED from AndroidManifest.xml:332:13
action#android.intent.action.ACTONTHESPOT
ADDED from AndroidManifest.xml:333:17
	android:name
		ADDED from AndroidManifest.xml:333:25
activity#com.gbu.abhivyanjan2015.ComedyHour
ADDED from AndroidManifest.xml:337:9
	android:label
		ADDED from AndroidManifest.xml:339:13
	android:name
		ADDED from AndroidManifest.xml:338:13
intent-filter#android.intent.action.COMEDYHOUR+android.intent.category.DEFAULT
ADDED from AndroidManifest.xml:340:13
action#android.intent.action.COMEDYHOUR
ADDED from AndroidManifest.xml:341:17
	android:name
		ADDED from AndroidManifest.xml:341:25
activity#com.gbu.abhivyanjan2015.CircuitMania
ADDED from AndroidManifest.xml:345:9
	android:label
		ADDED from AndroidManifest.xml:347:13
	android:name
		ADDED from AndroidManifest.xml:346:13
intent-filter#android.intent.action.CIRCUITMANIA+android.intent.category.DEFAULT
ADDED from AndroidManifest.xml:348:13
action#android.intent.action.CIRCUITMANIA
ADDED from AndroidManifest.xml:349:17
	android:name
		ADDED from AndroidManifest.xml:349:25
activity#com.gbu.abhivyanjan2015.BrainFreeze
ADDED from AndroidManifest.xml:353:9
	android:label
		ADDED from AndroidManifest.xml:355:13
	android:name
		ADDED from AndroidManifest.xml:354:13
intent-filter#android.intent.action.BRAINFREEZE+android.intent.category.DEFAULT
ADDED from AndroidManifest.xml:356:13
action#android.intent.action.BRAINFREEZE
ADDED from AndroidManifest.xml:357:17
	android:name
		ADDED from AndroidManifest.xml:357:25
activity#com.gbu.abhivyanjan2015.CanYouMimic
ADDED from AndroidManifest.xml:361:9
	android:label
		ADDED from AndroidManifest.xml:363:13
	android:name
		ADDED from AndroidManifest.xml:362:13
intent-filter#android.intent.action.CANYOUMIMIC+android.intent.category.DEFAULT
ADDED from AndroidManifest.xml:364:13
action#android.intent.action.CANYOUMIMIC
ADDED from AndroidManifest.xml:365:17
	android:name
		ADDED from AndroidManifest.xml:365:25
activity#com.gbu.abhivyanjan2015.ProfessionalWriting
ADDED from AndroidManifest.xml:369:9
	android:label
		ADDED from AndroidManifest.xml:371:13
	android:name
		ADDED from AndroidManifest.xml:370:13
intent-filter#android.intent.action.PROFESSIONALWRITING+android.intent.category.DEFAULT
ADDED from AndroidManifest.xml:372:13
action#android.intent.action.PROFESSIONALWRITING
ADDED from AndroidManifest.xml:373:17
	android:name
		ADDED from AndroidManifest.xml:373:25
activity#com.gbu.abhivyanjan2015.LiteraryWriting
ADDED from AndroidManifest.xml:377:9
	android:label
		ADDED from AndroidManifest.xml:379:13
	android:name
		ADDED from AndroidManifest.xml:378:13
intent-filter#android.intent.action.LITERARYWRITING+android.intent.category.DEFAULT
ADDED from AndroidManifest.xml:380:13
action#android.intent.action.LITERARYWRITING
ADDED from AndroidManifest.xml:381:17
	android:name
		ADDED from AndroidManifest.xml:381:25
activity#com.gbu.abhivyanjan2015.KaviSammelan
ADDED from AndroidManifest.xml:385:9
	android:label
		ADDED from AndroidManifest.xml:387:13
	android:name
		ADDED from AndroidManifest.xml:386:13
intent-filter#android.intent.action.KAVISAMMELAN+android.intent.category.DEFAULT
ADDED from AndroidManifest.xml:388:13
action#android.intent.action.KAVISAMMELAN
ADDED from AndroidManifest.xml:389:17
	android:name
		ADDED from AndroidManifest.xml:389:25
activity#com.gbu.abhivyanjan2015.IActive
ADDED from AndroidManifest.xml:393:9
	android:label
		ADDED from AndroidManifest.xml:395:13
	android:name
		ADDED from AndroidManifest.xml:394:13
intent-filter#android.intent.action.IACTIVE+android.intent.category.DEFAULT
ADDED from AndroidManifest.xml:396:13
action#android.intent.action.IACTIVE
ADDED from AndroidManifest.xml:397:17
	android:name
		ADDED from AndroidManifest.xml:397:25
activity#com.gbu.abhivyanjan2015.GlobalEdge
ADDED from AndroidManifest.xml:401:9
	android:label
		ADDED from AndroidManifest.xml:403:13
	android:name
		ADDED from AndroidManifest.xml:402:13
intent-filter#android.intent.action.GLOBALEDGE+android.intent.category.DEFAULT
ADDED from AndroidManifest.xml:404:13
action#android.intent.action.GLOBALEDGE
ADDED from AndroidManifest.xml:405:17
	android:name
		ADDED from AndroidManifest.xml:405:25
activity#com.gbu.abhivyanjan2015.Melodia
ADDED from AndroidManifest.xml:409:9
	android:label
		ADDED from AndroidManifest.xml:411:13
	android:name
		ADDED from AndroidManifest.xml:410:13
intent-filter#android.intent.action.MELODIA+android.intent.category.DEFAULT
ADDED from AndroidManifest.xml:412:13
action#android.intent.action.MELODIA
ADDED from AndroidManifest.xml:413:17
	android:name
		ADDED from AndroidManifest.xml:413:25
activity#com.gbu.abhivyanjan2015.ShutterCusine
ADDED from AndroidManifest.xml:417:9
	android:label
		ADDED from AndroidManifest.xml:419:13
	android:name
		ADDED from AndroidManifest.xml:418:13
intent-filter#android.intent.action.SHUTTERCUSINE+android.intent.category.DEFAULT
ADDED from AndroidManifest.xml:420:13
action#android.intent.action.SHUTTERCUSINE
ADDED from AndroidManifest.xml:421:17
	android:name
		ADDED from AndroidManifest.xml:421:25
activity#com.gbu.abhivyanjan2015.Selfiesh
ADDED from AndroidManifest.xml:425:9
	android:label
		ADDED from AndroidManifest.xml:427:13
	android:name
		ADDED from AndroidManifest.xml:426:13
intent-filter#android.intent.action.SELFIESH+android.intent.category.DEFAULT
ADDED from AndroidManifest.xml:428:13
action#android.intent.action.SELFIESH
ADDED from AndroidManifest.xml:429:17
	android:name
		ADDED from AndroidManifest.xml:429:25
activity#com.gbu.abhivyanjan2015.LineFollower
ADDED from AndroidManifest.xml:433:9
	android:label
		ADDED from AndroidManifest.xml:435:13
	android:name
		ADDED from AndroidManifest.xml:434:13
intent-filter#android.intent.action.LINEFOLLOWER+android.intent.category.DEFAULT
ADDED from AndroidManifest.xml:436:13
action#android.intent.action.LINEFOLLOWER
ADDED from AndroidManifest.xml:437:17
	android:name
		ADDED from AndroidManifest.xml:437:25
activity#com.gbu.abhivyanjan2015.GamingFiesta
ADDED from AndroidManifest.xml:441:9
	android:label
		ADDED from AndroidManifest.xml:443:13
	android:name
		ADDED from AndroidManifest.xml:442:13
intent-filter#android.intent.action.GAMINGFIESTA+android.intent.category.DEFAULT
ADDED from AndroidManifest.xml:444:13
action#android.intent.action.GAMINGFIESTA
ADDED from AndroidManifest.xml:445:17
	android:name
		ADDED from AndroidManifest.xml:445:25
activity#com.gbu.abhivyanjan2015.WoodenCar
ADDED from AndroidManifest.xml:449:9
	android:label
		ADDED from AndroidManifest.xml:451:13
	android:name
		ADDED from AndroidManifest.xml:450:13
intent-filter#android.intent.action.WOODENCAR+android.intent.category.DEFAULT
ADDED from AndroidManifest.xml:452:13
action#android.intent.action.WOODENCAR
ADDED from AndroidManifest.xml:453:17
	android:name
		ADDED from AndroidManifest.xml:453:25
activity#com.gbu.abhivyanjan2015.BoatsWars
ADDED from AndroidManifest.xml:457:9
	android:label
		ADDED from AndroidManifest.xml:459:13
	android:name
		ADDED from AndroidManifest.xml:458:13
intent-filter#android.intent.action.BOATSWARS+android.intent.category.DEFAULT
ADDED from AndroidManifest.xml:460:13
action#android.intent.action.BOATSWARS
ADDED from AndroidManifest.xml:461:17
	android:name
		ADDED from AndroidManifest.xml:461:25
activity#com.gbu.abhivyanjan2015.PalaceOfCards
ADDED from AndroidManifest.xml:465:9
	android:label
		ADDED from AndroidManifest.xml:467:13
	android:name
		ADDED from AndroidManifest.xml:466:13
intent-filter#android.intent.action.PALACEOFCARDS+android.intent.category.DEFAULT
ADDED from AndroidManifest.xml:468:13
action#android.intent.action.PALACEOFCARDS
ADDED from AndroidManifest.xml:469:17
	android:name
		ADDED from AndroidManifest.xml:469:25
activity#com.gbu.abhivyanjan2015.BrickBond007
ADDED from AndroidManifest.xml:473:9
	android:label
		ADDED from AndroidManifest.xml:475:13
	android:name
		ADDED from AndroidManifest.xml:474:13
intent-filter#android.intent.action.BRICKBOND007+android.intent.category.DEFAULT
ADDED from AndroidManifest.xml:476:13
action#android.intent.action.BRICKBOND007
ADDED from AndroidManifest.xml:477:17
	android:name
		ADDED from AndroidManifest.xml:477:25
uses-sdk
INJECTED from AndroidManifest.xml:0:0 reason: use-sdk injection requested
	android:targetSdkVersion
		INJECTED from AndroidManifest.xml:0:0
		INJECTED from AndroidManifest.xml:0:0
	android:minSdkVersion
		INJECTED from AndroidManifest.xml:0:0
		INJECTED from AndroidManifest.xml:0:0